<?xml version="1.0" encoding="UTF-8"?>
<testng-results ignored="0" total="1" passed="1" failed="0" skipped="0">
  <reporter-output>
  </reporter-output>
  <suite started-at="2023-05-16T15:19:53 IST" name="Default suite" finished-at="2023-05-16T15:20:23 IST" duration-ms="30550">
    <groups>
    </groups>
    <test started-at="2023-05-16T15:19:53 IST" name="Default test" finished-at="2023-05-16T15:20:23 IST" duration-ms="30550">
      <class name="com.automation.tests.TestCase_001">
        <test-method is-config="true" signature="setup()[pri:0, instance:com.automation.tests.TestCase_001@62e6a3ec]" started-at="2023-05-16T15:19:53 IST" name="setup" finished-at="2023-05-16T15:19:53 IST" duration-ms="306" status="PASS">
          <reporter-output>
          </reporter-output>
        </test-method> <!-- setup -->
        <test-method signature="method1()[pri:0, instance:com.automation.tests.TestCase_001@62e6a3ec]" started-at="2023-05-16T15:19:53 IST" name="method1" finished-at="2023-05-16T15:20:23 IST" duration-ms="30074" status="PASS">
          <reporter-output>
          </reporter-output>
        </test-method> <!-- method1 -->
        <test-method is-config="true" signature="tearDown()[pri:0, instance:com.automation.tests.TestCase_001@62e6a3ec]" started-at="2023-05-16T15:20:23 IST" name="tearDown" finished-at="2023-05-16T15:20:23 IST" duration-ms="1" status="PASS">
          <reporter-output>
          </reporter-output>
        </test-method> <!-- tearDown -->
      </class> <!-- com.automation.tests.TestCase_001 -->
    </test> <!-- Default test -->
  </suite> <!-- Default suite -->
</testng-results>
